Terminals unused in grammar

   DIVIDE


State 13 conflicts: 1 shift/reduce


Grammar

    0 $accept: program $end

    1 program: expr

    2 id2: ID

    3 expr: STRING
    4     | INT
    5     | NIL
    6     | lvalue
    7     | MINUS expr
    8     | expr PLUS expr
    9     | expr MINUS expr
   10     | expr TIMES expr
   11     | expr DIVid2E expr
   12     | expr OR expr
   13     | expr AND expr
   14     | expr EQ expr
   15     | expr NEQ expr
   16     | expr LT expr
   17     | expr LE expr
   18     | expr GT expr
   19     | expr GE expr
   20     | lvalue ASSIGN expr
   21     | id2 LPAREN exprList RPAREN
   22     | id2 LPAREN RPAREN
   23     | LPAREN exprSeq RPAREN
   24     | LPAREN RPAREN
   25     | id2 LBRACE fieldList RBRACE
   26     | id2 LBRACE RBRACE
   27     | id2 LBRACK expr RBRACK OF expr
   28     | IF expr THEN expr
   29     | IF expr THEN expr ELSE expr
   30     | WHILE expr DO expr
   31     | FOR id2 ASSIGN expr TO expr DO expr
   32     | BREAK
   33     | LET declList IN exprSeq END
   34     | LET declList IN END

   35 exprSeq: expr
   36        | exprSeq SEMICOLON expr

   37 exprList: expr
   38         | exprList COMMA expr

   39 field: id2 EQ expr

   40 fieldList: field
   41          | fieldList COMMA field

   42 lvalue: id2
   43       | lvalue LBRACK expr RBRACK
   44       | id2 LBRACK expr RBRACK
   45       | lvalue DOT id2

   46 declList: decl
   47         | declList decl

   48 decl: typeDecl
   49     | varDecl
   50     | funcDecl

   51 typeDecl: TYPE id2 EQ type

   52 type: id2
   53     | LBRACE typeFields RBRACE
   54     | LBRACE RBRACE
   55     | ARRAY OF id2

   56 typeFields: id2 COLON id2
   57           | typeFields COMMA id2 COLON id2

   58 varDecl: VAR id2 ASSIGN expr
   59        | VAR id2 COLON id2 ASSIGN expr

   60 funcDecl: FUNCTION id2 LPAREN typeFields RPAREN EQ expr
   61         | FUNCTION id2 LPAREN RPAREN EQ expr
   62         | FUNCTION id2 LPAREN typeFields RPAREN COLON id2 EQ expr
   63         | FUNCTION id2 LPAREN RPAREN COLON id2 EQ expr


Terminals, with rules where they appear

$end (0) 0
error (256)
ID (258) 2
STRING (259) 3
INT (260) 4
COMMA (261) 38 41 57
COLON (262) 56 57 59 62 63
SEMICOLON (263) 36
LPAREN (264) 21 22 23 24 60 61 62 63
RPAREN (265) 21 22 23 24 60 61 62 63
LBRACK (266) 27 43 44
RBRACK (267) 27 43 44
LBRACE (268) 25 26 53 54
RBRACE (269) 25 26 53 54
DOT (270) 45
PLUS (271) 8
MINUS (272) 7 9
TIMES (273) 10
DIVIDE (274)
EQ (275) 14 39 51 60 61 62 63
NEQ (276) 15
LT (277) 16
LE (278) 17
GT (279) 18
GE (280) 19
AND (281) 13
OR (282) 12
ASSIGN (283) 20 31 58 59
ARRAY (284) 55
IF (285) 28 29
THEN (286) 28 29
ELSE (287) 29
WHILE (288) 30
FOR (289) 31
TO (290) 31
DO (291) 30 31
LET (292) 33 34
IN (293) 33 34
END (294) 33 34
OF (295) 27 55
BREAK (296) 32
NIL (297) 5
FUNCTION (298) 60 61 62 63
VAR (299) 58 59
TYPE (300) 51
DIVid2E (301) 11
UMINUS (302)


Nonterminals, with rules where they appear

$accept (48)
    on left: 0
program (49)
    on left: 1, on right: 0
id2 (50)
    on left: 2, on right: 21 22 25 26 27 31 39 42 44 45 51 52 55 56
    57 58 59 60 61 62 63
expr (51)
    on left: 3 4 5 6 7 8 9 10 11 12 13 14 15 16 17 18 19 20 21 22 23
    24 25 26 27 28 29 30 31 32 33 34, on right: 1 7 8 9 10 11 12 13
    14 15 16 17 18 19 20 27 28 29 30 31 35 36 37 38 39 43 44 58 59
    60 61 62 63
exprSeq (52)
    on left: 35 36, on right: 23 33 36
exprList (53)
    on left: 37 38, on right: 21 38
field (54)
    on left: 39, on right: 40 41
fieldList (55)
    on left: 40 41, on right: 25 41
lvalue (56)
    on left: 42 43 44 45, on right: 6 20 43 45
declList (57)
    on left: 46 47, on right: 33 34 47
decl (58)
    on left: 48 49 50, on right: 46 47
typeDecl (59)
    on left: 51, on right: 48
type (60)
    on left: 52 53 54 55, on right: 51
typeFields (61)
    on left: 56 57, on right: 53 57 60 62
varDecl (62)
    on left: 58 59, on right: 49
funcDecl (63)
    on left: 60 61 62 63, on right: 50


State 0

    0 $accept: . program $end

    ID      shift, and go to state 1
    STRING  shift, and go to state 2
    INT     shift, and go to state 3
    LPAREN  shift, and go to state 4
    MINUS   shift, and go to state 5
    IF      shift, and go to state 6
    WHILE   shift, and go to state 7
    FOR     shift, and go to state 8
    LET     shift, and go to state 9
    BREAK   shift, and go to state 10
    NIL     shift, and go to state 11

    program  go to state 12
    id2      go to state 13
    expr     go to state 14
    lvalue   go to state 15


State 1

    2 id2: ID .

    $default  reduce using rule 2 (id2)


State 2

    3 expr: STRING .

    $default  reduce using rule 3 (expr)


State 3

    4 expr: INT .

    $default  reduce using rule 4 (expr)


State 4

   23 expr: LPAREN . exprSeq RPAREN
   24     | LPAREN . RPAREN

    ID      shift, and go to state 1
    STRING  shift, and go to state 2
    INT     shift, and go to state 3
    LPAREN  shift, and go to state 4
    RPAREN  shift, and go to state 16
    MINUS   shift, and go to state 5
    IF      shift, and go to state 6
    WHILE   shift, and go to state 7
    FOR     shift, and go to state 8
    LET     shift, and go to state 9
    BREAK   shift, and go to state 10
    NIL     shift, and go to state 11

    id2      go to state 13
    expr     go to state 17
    exprSeq  go to state 18
    lvalue   go to state 15


State 5

    7 expr: MINUS . expr

    ID      shift, and go to state 1
    STRING  shift, and go to state 2
    INT     shift, and go to state 3
    LPAREN  shift, and go to state 4
    MINUS   shift, and go to state 5
    IF      shift, and go to state 6
    WHILE   shift, and go to state 7
    FOR     shift, and go to state 8
    LET     shift, and go to state 9
    BREAK   shift, and go to state 10
    NIL     shift, and go to state 11

    id2     go to state 13
    expr    go to state 19
    lvalue  go to state 15


State 6

   28 expr: IF . expr THEN expr
   29     | IF . expr THEN expr ELSE expr

    ID      shift, and go to state 1
    STRING  shift, and go to state 2
    INT     shift, and go to state 3
    LPAREN  shift, and go to state 4
    MINUS   shift, and go to state 5
    IF      shift, and go to state 6
    WHILE   shift, and go to state 7
    FOR     shift, and go to state 8
    LET     shift, and go to state 9
    BREAK   shift, and go to state 10
    NIL     shift, and go to state 11

    id2     go to state 13
    expr    go to state 20
    lvalue  go to state 15


State 7

   30 expr: WHILE . expr DO expr

    ID      shift, and go to state 1
    STRING  shift, and go to state 2
    INT     shift, and go to state 3
    LPAREN  shift, and go to state 4
    MINUS   shift, and go to state 5
    IF      shift, and go to state 6
    WHILE   shift, and go to state 7
    FOR     shift, and go to state 8
    LET     shift, and go to state 9
    BREAK   shift, and go to state 10
    NIL     shift, and go to state 11

    id2     go to state 13
    expr    go to state 21
    lvalue  go to state 15


State 8

   31 expr: FOR . id2 ASSIGN expr TO expr DO expr

    ID  shift, and go to state 1

    id2  go to state 22


State 9

   33 expr: LET . declList IN exprSeq END
   34     | LET . declList IN END

    FUNCTION  shift, and go to state 23
    VAR       shift, and go to state 24
    TYPE      shift, and go to state 25

    declList  go to state 26
    decl      go to state 27
    typeDecl  go to state 28
    varDecl   go to state 29
    funcDecl  go to state 30


State 10

   32 expr: BREAK .

    $default  reduce using rule 32 (expr)


State 11

    5 expr: NIL .

    $default  reduce using rule 5 (expr)


State 12

    0 $accept: program . $end

    $end  shift, and go to state 31


State 13

   21 expr: id2 . LPAREN exprList RPAREN
   22     | id2 . LPAREN RPAREN
   25     | id2 . LBRACE fieldList RBRACE
   26     | id2 . LBRACE RBRACE
   27     | id2 . LBRACK expr RBRACK OF expr
   42 lvalue: id2 .
   44       | id2 . LBRACK expr RBRACK

    LPAREN  shift, and go to state 32
    LBRACK  shift, and go to state 33
    LBRACE  shift, and go to state 34

    LBRACK    [reduce using rule 42 (lvalue)]
    $default  reduce using rule 42 (lvalue)


State 14

    1 program: expr .
    8 expr: expr . PLUS expr
    9     | expr . MINUS expr
   10     | expr . TIMES expr
   11     | expr . DIVid2E expr
   12     | expr . OR expr
   13     | expr . AND expr
   14     | expr . EQ expr
   15     | expr . NEQ expr
   16     | expr . LT expr
   17     | expr . LE expr
   18     | expr . GT expr
   19     | expr . GE expr

    PLUS     shift, and go to state 35
    MINUS    shift, and go to state 36
    TIMES    shift, and go to state 37
    EQ       shift, and go to state 38
    NEQ      shift, and go to state 39
    LT       shift, and go to state 40
    LE       shift, and go to state 41
    GT       shift, and go to state 42
    GE       shift, and go to state 43
    AND      shift, and go to state 44
    OR       shift, and go to state 45
    DIVid2E  shift, and go to state 46

    $default  reduce using rule 1 (program)


State 15

    6 expr: lvalue .
   20     | lvalue . ASSIGN expr
   43 lvalue: lvalue . LBRACK expr RBRACK
   45       | lvalue . DOT id2

    LBRACK  shift, and go to state 47
    DOT     shift, and go to state 48
    ASSIGN  shift, and go to state 49

    $default  reduce using rule 6 (expr)


State 16

   24 expr: LPAREN RPAREN .

    $default  reduce using rule 24 (expr)


State 17

    8 expr: expr . PLUS expr
    9     | expr . MINUS expr
   10     | expr . TIMES expr
   11     | expr . DIVid2E expr
   12     | expr . OR expr
   13     | expr . AND expr
   14     | expr . EQ expr
   15     | expr . NEQ expr
   16     | expr . LT expr
   17     | expr . LE expr
   18     | expr . GT expr
   19     | expr . GE expr
   35 exprSeq: expr .

    PLUS     shift, and go to state 35
    MINUS    shift, and go to state 36
    TIMES    shift, and go to state 37
    EQ       shift, and go to state 38
    NEQ      shift, and go to state 39
    LT       shift, and go to state 40
    LE       shift, and go to state 41
    GT       shift, and go to state 42
    GE       shift, and go to state 43
    AND      shift, and go to state 44
    OR       shift, and go to state 45
    DIVid2E  shift, and go to state 46

    $default  reduce using rule 35 (exprSeq)


State 18

   23 expr: LPAREN exprSeq . RPAREN
   36 exprSeq: exprSeq . SEMICOLON expr

    SEMICOLON  shift, and go to state 50
    RPAREN     shift, and go to state 51


State 19

    7 expr: MINUS expr .
    8     | expr . PLUS expr
    9     | expr . MINUS expr
   10     | expr . TIMES expr
   11     | expr . DIVid2E expr
   12     | expr . OR expr
   13     | expr . AND expr
   14     | expr . EQ expr
   15     | expr . NEQ expr
   16     | expr . LT expr
   17     | expr . LE expr
   18     | expr . GT expr
   19     | expr . GE expr

    $default  reduce using rule 7 (expr)


State 20

    8 expr: expr . PLUS expr
    9     | expr . MINUS expr
   10     | expr . TIMES expr
   11     | expr . DIVid2E expr
   12     | expr . OR expr
   13     | expr . AND expr
   14     | expr . EQ expr
   15     | expr . NEQ expr
   16     | expr . LT expr
   17     | expr . LE expr
   18     | expr . GT expr
   19     | expr . GE expr
   28     | IF expr . THEN expr
   29     | IF expr . THEN expr ELSE expr

    PLUS     shift, and go to state 35
    MINUS    shift, and go to state 36
    TIMES    shift, and go to state 37
    EQ       shift, and go to state 38
    NEQ      shift, and go to state 39
    LT       shift, and go to state 40
    LE       shift, and go to state 41
    GT       shift, and go to state 42
    GE       shift, and go to state 43
    AND      shift, and go to state 44
    OR       shift, and go to state 45
    THEN     shift, and go to state 52
    DIVid2E  shift, and go to state 46


State 21

    8 expr: expr . PLUS expr
    9     | expr . MINUS expr
   10     | expr . TIMES expr
   11     | expr . DIVid2E expr
   12     | expr . OR expr
   13     | expr . AND expr
   14     | expr . EQ expr
   15     | expr . NEQ expr
   16     | expr . LT expr
   17     | expr . LE expr
   18     | expr . GT expr
   19     | expr . GE expr
   30     | WHILE expr . DO expr

    PLUS     shift, and go to state 35
    MINUS    shift, and go to state 36
    TIMES    shift, and go to state 37
    EQ       shift, and go to state 38
    NEQ      shift, and go to state 39
    LT       shift, and go to state 40
    LE       shift, and go to state 41
    GT       shift, and go to state 42
    GE       shift, and go to state 43
    AND      shift, and go to state 44
    OR       shift, and go to state 45
    DO       shift, and go to state 53
    DIVid2E  shift, and go to state 46


State 22

   31 expr: FOR id2 . ASSIGN expr TO expr DO expr

    ASSIGN  shift, and go to state 54


State 23

   60 funcDecl: FUNCTION . id2 LPAREN typeFields RPAREN EQ expr
   61         | FUNCTION . id2 LPAREN RPAREN EQ expr
   62         | FUNCTION . id2 LPAREN typeFields RPAREN COLON id2 EQ expr
   63         | FUNCTION . id2 LPAREN RPAREN COLON id2 EQ expr

    ID  shift, and go to state 1

    id2  go to state 55


State 24

   58 varDecl: VAR . id2 ASSIGN expr
   59        | VAR . id2 COLON id2 ASSIGN expr

    ID  shift, and go to state 1

    id2  go to state 56


State 25

   51 typeDecl: TYPE . id2 EQ type

    ID  shift, and go to state 1

    id2  go to state 57


State 26

   33 expr: LET declList . IN exprSeq END
   34     | LET declList . IN END
   47 declList: declList . decl

    IN        shift, and go to state 58
    FUNCTION  shift, and go to state 23
    VAR       shift, and go to state 24
    TYPE      shift, and go to state 25

    decl      go to state 59
    typeDecl  go to state 28
    varDecl   go to state 29
    funcDecl  go to state 30


State 27

   46 declList: decl .

    $default  reduce using rule 46 (declList)


State 28

   48 decl: typeDecl .

    $default  reduce using rule 48 (decl)


State 29

   49 decl: varDecl .

    $default  reduce using rule 49 (decl)


State 30

   50 decl: funcDecl .

    $default  reduce using rule 50 (decl)


State 31

    0 $accept: program $end .

    $default  accept


State 32

   21 expr: id2 LPAREN . exprList RPAREN
   22     | id2 LPAREN . RPAREN

    ID      shift, and go to state 1
    STRING  shift, and go to state 2
    INT     shift, and go to state 3
    LPAREN  shift, and go to state 4
    RPAREN  shift, and go to state 60
    MINUS   shift, and go to state 5
    IF      shift, and go to state 6
    WHILE   shift, and go to state 7
    FOR     shift, and go to state 8
    LET     shift, and go to state 9
    BREAK   shift, and go to state 10
    NIL     shift, and go to state 11

    id2       go to state 13
    expr      go to state 61
    exprList  go to state 62
    lvalue    go to state 15


State 33

   27 expr: id2 LBRACK . expr RBRACK OF expr
   44 lvalue: id2 LBRACK . expr RBRACK

    ID      shift, and go to state 1
    STRING  shift, and go to state 2
    INT     shift, and go to state 3
    LPAREN  shift, and go to state 4
    MINUS   shift, and go to state 5
    IF      shift, and go to state 6
    WHILE   shift, and go to state 7
    FOR     shift, and go to state 8
    LET     shift, and go to state 9
    BREAK   shift, and go to state 10
    NIL     shift, and go to state 11

    id2     go to state 13
    expr    go to state 63
    lvalue  go to state 15


State 34

   25 expr: id2 LBRACE . fieldList RBRACE
   26     | id2 LBRACE . RBRACE

    ID      shift, and go to state 1
    RBRACE  shift, and go to state 64

    id2        go to state 65
    field      go to state 66
    fieldList  go to state 67


State 35

    8 expr: expr PLUS . expr

    ID      shift, and go to state 1
    STRING  shift, and go to state 2
    INT     shift, and go to state 3
    LPAREN  shift, and go to state 4
    MINUS   shift, and go to state 5
    IF      shift, and go to state 6
    WHILE   shift, and go to state 7
    FOR     shift, and go to state 8
    LET     shift, and go to state 9
    BREAK   shift, and go to state 10
    NIL     shift, and go to state 11

    id2     go to state 13
    expr    go to state 68
    lvalue  go to state 15


State 36

    9 expr: expr MINUS . expr

    ID      shift, and go to state 1
    STRING  shift, and go to state 2
    INT     shift, and go to state 3
    LPAREN  shift, and go to state 4
    MINUS   shift, and go to state 5
    IF      shift, and go to state 6
    WHILE   shift, and go to state 7
    FOR     shift, and go to state 8
    LET     shift, and go to state 9
    BREAK   shift, and go to state 10
    NIL     shift, and go to state 11

    id2     go to state 13
    expr    go to state 69
    lvalue  go to state 15


State 37

   10 expr: expr TIMES . expr

    ID      shift, and go to state 1
    STRING  shift, and go to state 2
    INT     shift, and go to state 3
    LPAREN  shift, and go to state 4
    MINUS   shift, and go to state 5
    IF      shift, and go to state 6
    WHILE   shift, and go to state 7
    FOR     shift, and go to state 8
    LET     shift, and go to state 9
    BREAK   shift, and go to state 10
    NIL     shift, and go to state 11

    id2     go to state 13
    expr    go to state 70
    lvalue  go to state 15


State 38

   14 expr: expr EQ . expr

    ID      shift, and go to state 1
    STRING  shift, and go to state 2
    INT     shift, and go to state 3
    LPAREN  shift, and go to state 4
    MINUS   shift, and go to state 5
    IF      shift, and go to state 6
    WHILE   shift, and go to state 7
    FOR     shift, and go to state 8
    LET     shift, and go to state 9
    BREAK   shift, and go to state 10
    NIL     shift, and go to state 11

    id2     go to state 13
    expr    go to state 71
    lvalue  go to state 15


State 39

   15 expr: expr NEQ . expr

    ID      shift, and go to state 1
    STRING  shift, and go to state 2
    INT     shift, and go to state 3
    LPAREN  shift, and go to state 4
    MINUS   shift, and go to state 5
    IF      shift, and go to state 6
    WHILE   shift, and go to state 7
    FOR     shift, and go to state 8
    LET     shift, and go to state 9
    BREAK   shift, and go to state 10
    NIL     shift, and go to state 11

    id2     go to state 13
    expr    go to state 72
    lvalue  go to state 15


State 40

   16 expr: expr LT . expr

    ID      shift, and go to state 1
    STRING  shift, and go to state 2
    INT     shift, and go to state 3
    LPAREN  shift, and go to state 4
    MINUS   shift, and go to state 5
    IF      shift, and go to state 6
    WHILE   shift, and go to state 7
    FOR     shift, and go to state 8
    LET     shift, and go to state 9
    BREAK   shift, and go to state 10
    NIL     shift, and go to state 11

    id2     go to state 13
    expr    go to state 73
    lvalue  go to state 15


State 41

   17 expr: expr LE . expr

    ID      shift, and go to state 1
    STRING  shift, and go to state 2
    INT     shift, and go to state 3
    LPAREN  shift, and go to state 4
    MINUS   shift, and go to state 5
    IF      shift, and go to state 6
    WHILE   shift, and go to state 7
    FOR     shift, and go to state 8
    LET     shift, and go to state 9
    BREAK   shift, and go to state 10
    NIL     shift, and go to state 11

    id2     go to state 13
    expr    go to state 74
    lvalue  go to state 15


State 42

   18 expr: expr GT . expr

    ID      shift, and go to state 1
    STRING  shift, and go to state 2
    INT     shift, and go to state 3
    LPAREN  shift, and go to state 4
    MINUS   shift, and go to state 5
    IF      shift, and go to state 6
    WHILE   shift, and go to state 7
    FOR     shift, and go to state 8
    LET     shift, and go to state 9
    BREAK   shift, and go to state 10
    NIL     shift, and go to state 11

    id2     go to state 13
    expr    go to state 75
    lvalue  go to state 15


State 43

   19 expr: expr GE . expr

    ID      shift, and go to state 1
    STRING  shift, and go to state 2
    INT     shift, and go to state 3
    LPAREN  shift, and go to state 4
    MINUS   shift, and go to state 5
    IF      shift, and go to state 6
    WHILE   shift, and go to state 7
    FOR     shift, and go to state 8
    LET     shift, and go to state 9
    BREAK   shift, and go to state 10
    NIL     shift, and go to state 11

    id2     go to state 13
    expr    go to state 76
    lvalue  go to state 15


State 44

   13 expr: expr AND . expr

    ID      shift, and go to state 1
    STRING  shift, and go to state 2
    INT     shift, and go to state 3
    LPAREN  shift, and go to state 4
    MINUS   shift, and go to state 5
    IF      shift, and go to state 6
    WHILE   shift, and go to state 7
    FOR     shift, and go to state 8
    LET     shift, and go to state 9
    BREAK   shift, and go to state 10
    NIL     shift, and go to state 11

    id2     go to state 13
    expr    go to state 77
    lvalue  go to state 15


State 45

   12 expr: expr OR . expr

    ID      shift, and go to state 1
    STRING  shift, and go to state 2
    INT     shift, and go to state 3
    LPAREN  shift, and go to state 4
    MINUS   shift, and go to state 5
    IF      shift, and go to state 6
    WHILE   shift, and go to state 7
    FOR     shift, and go to state 8
    LET     shift, and go to state 9
    BREAK   shift, and go to state 10
    NIL     shift, and go to state 11

    id2     go to state 13
    expr    go to state 78
    lvalue  go to state 15


State 46

   11 expr: expr DIVid2E . expr

    ID      shift, and go to state 1
    STRING  shift, and go to state 2
    INT     shift, and go to state 3
    LPAREN  shift, and go to state 4
    MINUS   shift, and go to state 5
    IF      shift, and go to state 6
    WHILE   shift, and go to state 7
    FOR     shift, and go to state 8
    LET     shift, and go to state 9
    BREAK   shift, and go to state 10
    NIL     shift, and go to state 11

    id2     go to state 13
    expr    go to state 79
    lvalue  go to state 15


State 47

   43 lvalue: lvalue LBRACK . expr RBRACK

    ID      shift, and go to state 1
    STRING  shift, and go to state 2
    INT     shift, and go to state 3
    LPAREN  shift, and go to state 4
    MINUS   shift, and go to state 5
    IF      shift, and go to state 6
    WHILE   shift, and go to state 7
    FOR     shift, and go to state 8
    LET     shift, and go to state 9
    BREAK   shift, and go to state 10
    NIL     shift, and go to state 11

    id2     go to state 13
    expr    go to state 80
    lvalue  go to state 15


State 48

   45 lvalue: lvalue DOT . id2

    ID  shift, and go to state 1

    id2  go to state 81


State 49

   20 expr: lvalue ASSIGN . expr

    ID      shift, and go to state 1
    STRING  shift, and go to state 2
    INT     shift, and go to state 3
    LPAREN  shift, and go to state 4
    MINUS   shift, and go to state 5
    IF      shift, and go to state 6
    WHILE   shift, and go to state 7
    FOR     shift, and go to state 8
    LET     shift, and go to state 9
    BREAK   shift, and go to state 10
    NIL     shift, and go to state 11

    id2     go to state 13
    expr    go to state 82
    lvalue  go to state 15


State 50

   36 exprSeq: exprSeq SEMICOLON . expr

    ID      shift, and go to state 1
    STRING  shift, and go to state 2
    INT     shift, and go to state 3
    LPAREN  shift, and go to state 4
    MINUS   shift, and go to state 5
    IF      shift, and go to state 6
    WHILE   shift, and go to state 7
    FOR     shift, and go to state 8
    LET     shift, and go to state 9
    BREAK   shift, and go to state 10
    NIL     shift, and go to state 11

    id2     go to state 13
    expr    go to state 83
    lvalue  go to state 15


State 51

   23 expr: LPAREN exprSeq RPAREN .

    $default  reduce using rule 23 (expr)


State 52

   28 expr: IF expr THEN . expr
   29     | IF expr THEN . expr ELSE expr

    ID      shift, and go to state 1
    STRING  shift, and go to state 2
    INT     shift, and go to state 3
    LPAREN  shift, and go to state 4
    MINUS   shift, and go to state 5
    IF      shift, and go to state 6
    WHILE   shift, and go to state 7
    FOR     shift, and go to state 8
    LET     shift, and go to state 9
    BREAK   shift, and go to state 10
    NIL     shift, and go to state 11

    id2     go to state 13
    expr    go to state 84
    lvalue  go to state 15


State 53

   30 expr: WHILE expr DO . expr

    ID      shift, and go to state 1
    STRING  shift, and go to state 2
    INT     shift, and go to state 3
    LPAREN  shift, and go to state 4
    MINUS   shift, and go to state 5
    IF      shift, and go to state 6
    WHILE   shift, and go to state 7
    FOR     shift, and go to state 8
    LET     shift, and go to state 9
    BREAK   shift, and go to state 10
    NIL     shift, and go to state 11

    id2     go to state 13
    expr    go to state 85
    lvalue  go to state 15


State 54

   31 expr: FOR id2 ASSIGN . expr TO expr DO expr

    ID      shift, and go to state 1
    STRING  shift, and go to state 2
    INT     shift, and go to state 3
    LPAREN  shift, and go to state 4
    MINUS   shift, and go to state 5
    IF      shift, and go to state 6
    WHILE   shift, and go to state 7
    FOR     shift, and go to state 8
    LET     shift, and go to state 9
    BREAK   shift, and go to state 10
    NIL     shift, and go to state 11

    id2     go to state 13
    expr    go to state 86
    lvalue  go to state 15


State 55

   60 funcDecl: FUNCTION id2 . LPAREN typeFields RPAREN EQ expr
   61         | FUNCTION id2 . LPAREN RPAREN EQ expr
   62         | FUNCTION id2 . LPAREN typeFields RPAREN COLON id2 EQ expr
   63         | FUNCTION id2 . LPAREN RPAREN COLON id2 EQ expr

    LPAREN  shift, and go to state 87


State 56

   58 varDecl: VAR id2 . ASSIGN expr
   59        | VAR id2 . COLON id2 ASSIGN expr

    COLON   shift, and go to state 88
    ASSIGN  shift, and go to state 89


State 57

   51 typeDecl: TYPE id2 . EQ type

    EQ  shift, and go to state 90


State 58

   33 expr: LET declList IN . exprSeq END
   34     | LET declList IN . END

    ID      shift, and go to state 1
    STRING  shift, and go to state 2
    INT     shift, and go to state 3
    LPAREN  shift, and go to state 4
    MINUS   shift, and go to state 5
    IF      shift, and go to state 6
    WHILE   shift, and go to state 7
    FOR     shift, and go to state 8
    LET     shift, and go to state 9
    END     shift, and go to state 91
    BREAK   shift, and go to state 10
    NIL     shift, and go to state 11

    id2      go to state 13
    expr     go to state 17
    exprSeq  go to state 92
    lvalue   go to state 15


State 59

   47 declList: declList decl .

    $default  reduce using rule 47 (declList)


State 60

   22 expr: id2 LPAREN RPAREN .

    $default  reduce using rule 22 (expr)


State 61

    8 expr: expr . PLUS expr
    9     | expr . MINUS expr
   10     | expr . TIMES expr
   11     | expr . DIVid2E expr
   12     | expr . OR expr
   13     | expr . AND expr
   14     | expr . EQ expr
   15     | expr . NEQ expr
   16     | expr . LT expr
   17     | expr . LE expr
   18     | expr . GT expr
   19     | expr . GE expr
   37 exprList: expr .

    PLUS     shift, and go to state 35
    MINUS    shift, and go to state 36
    TIMES    shift, and go to state 37
    EQ       shift, and go to state 38
    NEQ      shift, and go to state 39
    LT       shift, and go to state 40
    LE       shift, and go to state 41
    GT       shift, and go to state 42
    GE       shift, and go to state 43
    AND      shift, and go to state 44
    OR       shift, and go to state 45
    DIVid2E  shift, and go to state 46

    $default  reduce using rule 37 (exprList)


State 62

   21 expr: id2 LPAREN exprList . RPAREN
   38 exprList: exprList . COMMA expr

    COMMA   shift, and go to state 93
    RPAREN  shift, and go to state 94


State 63

    8 expr: expr . PLUS expr
    9     | expr . MINUS expr
   10     | expr . TIMES expr
   11     | expr . DIVid2E expr
   12     | expr . OR expr
   13     | expr . AND expr
   14     | expr . EQ expr
   15     | expr . NEQ expr
   16     | expr . LT expr
   17     | expr . LE expr
   18     | expr . GT expr
   19     | expr . GE expr
   27     | id2 LBRACK expr . RBRACK OF expr
   44 lvalue: id2 LBRACK expr . RBRACK

    RBRACK   shift, and go to state 95
    PLUS     shift, and go to state 35
    MINUS    shift, and go to state 36
    TIMES    shift, and go to state 37
    EQ       shift, and go to state 38
    NEQ      shift, and go to state 39
    LT       shift, and go to state 40
    LE       shift, and go to state 41
    GT       shift, and go to state 42
    GE       shift, and go to state 43
    AND      shift, and go to state 44
    OR       shift, and go to state 45
    DIVid2E  shift, and go to state 46


State 64

   26 expr: id2 LBRACE RBRACE .

    $default  reduce using rule 26 (expr)


State 65

   39 field: id2 . EQ expr

    EQ  shift, and go to state 96


State 66

   40 fieldList: field .

    $default  reduce using rule 40 (fieldList)


State 67

   25 expr: id2 LBRACE fieldList . RBRACE
   41 fieldList: fieldList . COMMA field

    COMMA   shift, and go to state 97
    RBRACE  shift, and go to state 98


State 68

    8 expr: expr . PLUS expr
    8     | expr PLUS expr .
    9     | expr . MINUS expr
   10     | expr . TIMES expr
   11     | expr . DIVid2E expr
   12     | expr . OR expr
   13     | expr . AND expr
   14     | expr . EQ expr
   15     | expr . NEQ expr
   16     | expr . LT expr
   17     | expr . LE expr
   18     | expr . GT expr
   19     | expr . GE expr

    TIMES    shift, and go to state 37
    DIVid2E  shift, and go to state 46

    $default  reduce using rule 8 (expr)


State 69

    8 expr: expr . PLUS expr
    9     | expr . MINUS expr
    9     | expr MINUS expr .
   10     | expr . TIMES expr
   11     | expr . DIVid2E expr
   12     | expr . OR expr
   13     | expr . AND expr
   14     | expr . EQ expr
   15     | expr . NEQ expr
   16     | expr . LT expr
   17     | expr . LE expr
   18     | expr . GT expr
   19     | expr . GE expr

    TIMES    shift, and go to state 37
    DIVid2E  shift, and go to state 46

    $default  reduce using rule 9 (expr)


State 70

    8 expr: expr . PLUS expr
    9     | expr . MINUS expr
   10     | expr . TIMES expr
   10     | expr TIMES expr .
   11     | expr . DIVid2E expr
   12     | expr . OR expr
   13     | expr . AND expr
   14     | expr . EQ expr
   15     | expr . NEQ expr
   16     | expr . LT expr
   17     | expr . LE expr
   18     | expr . GT expr
   19     | expr . GE expr

    $default  reduce using rule 10 (expr)


State 71

    8 expr: expr . PLUS expr
    9     | expr . MINUS expr
   10     | expr . TIMES expr
   11     | expr . DIVid2E expr
   12     | expr . OR expr
   13     | expr . AND expr
   14     | expr . EQ expr
   14     | expr EQ expr .
   15     | expr . NEQ expr
   16     | expr . LT expr
   17     | expr . LE expr
   18     | expr . GT expr
   19     | expr . GE expr

    PLUS     shift, and go to state 35
    MINUS    shift, and go to state 36
    TIMES    shift, and go to state 37
    DIVid2E  shift, and go to state 46

    EQ   error (nonassociative)
    NEQ  error (nonassociative)
    LT   error (nonassociative)
    LE   error (nonassociative)
    GT   error (nonassociative)
    GE   error (nonassociative)

    $default  reduce using rule 14 (expr)


State 72

    8 expr: expr . PLUS expr
    9     | expr . MINUS expr
   10     | expr . TIMES expr
   11     | expr . DIVid2E expr
   12     | expr . OR expr
   13     | expr . AND expr
   14     | expr . EQ expr
   15     | expr . NEQ expr
   15     | expr NEQ expr .
   16     | expr . LT expr
   17     | expr . LE expr
   18     | expr . GT expr
   19     | expr . GE expr

    PLUS     shift, and go to state 35
    MINUS    shift, and go to state 36
    TIMES    shift, and go to state 37
    DIVid2E  shift, and go to state 46

    EQ   error (nonassociative)
    NEQ  error (nonassociative)
    LT   error (nonassociative)
    LE   error (nonassociative)
    GT   error (nonassociative)
    GE   error (nonassociative)

    $default  reduce using rule 15 (expr)


State 73

    8 expr: expr . PLUS expr
    9     | expr . MINUS expr
   10     | expr . TIMES expr
   11     | expr . DIVid2E expr
   12     | expr . OR expr
   13     | expr . AND expr
   14     | expr . EQ expr
   15     | expr . NEQ expr
   16     | expr . LT expr
   16     | expr LT expr .
   17     | expr . LE expr
   18     | expr . GT expr
   19     | expr . GE expr

    PLUS     shift, and go to state 35
    MINUS    shift, and go to state 36
    TIMES    shift, and go to state 37
    DIVid2E  shift, and go to state 46

    EQ   error (nonassociative)
    NEQ  error (nonassociative)
    LT   error (nonassociative)
    LE   error (nonassociative)
    GT   error (nonassociative)
    GE   error (nonassociative)

    $default  reduce using rule 16 (expr)


State 74

    8 expr: expr . PLUS expr
    9     | expr . MINUS expr
   10     | expr . TIMES expr
   11     | expr . DIVid2E expr
   12     | expr . OR expr
   13     | expr . AND expr
   14     | expr . EQ expr
   15     | expr . NEQ expr
   16     | expr . LT expr
   17     | expr . LE expr
   17     | expr LE expr .
   18     | expr . GT expr
   19     | expr . GE expr

    PLUS     shift, and go to state 35
    MINUS    shift, and go to state 36
    TIMES    shift, and go to state 37
    DIVid2E  shift, and go to state 46

    EQ   error (nonassociative)
    NEQ  error (nonassociative)
    LT   error (nonassociative)
    LE   error (nonassociative)
    GT   error (nonassociative)
    GE   error (nonassociative)

    $default  reduce using rule 17 (expr)


State 75

    8 expr: expr . PLUS expr
    9     | expr . MINUS expr
   10     | expr . TIMES expr
   11     | expr . DIVid2E expr
   12     | expr . OR expr
   13     | expr . AND expr
   14     | expr . EQ expr
   15     | expr . NEQ expr
   16     | expr . LT expr
   17     | expr . LE expr
   18     | expr . GT expr
   18     | expr GT expr .
   19     | expr . GE expr

    PLUS     shift, and go to state 35
    MINUS    shift, and go to state 36
    TIMES    shift, and go to state 37
    DIVid2E  shift, and go to state 46

    EQ   error (nonassociative)
    NEQ  error (nonassociative)
    LT   error (nonassociative)
    LE   error (nonassociative)
    GT   error (nonassociative)
    GE   error (nonassociative)

    $default  reduce using rule 18 (expr)


State 76

    8 expr: expr . PLUS expr
    9     | expr . MINUS expr
   10     | expr . TIMES expr
   11     | expr . DIVid2E expr
   12     | expr . OR expr
   13     | expr . AND expr
   14     | expr . EQ expr
   15     | expr . NEQ expr
   16     | expr . LT expr
   17     | expr . LE expr
   18     | expr . GT expr
   19     | expr . GE expr
   19     | expr GE expr .

    PLUS     shift, and go to state 35
    MINUS    shift, and go to state 36
    TIMES    shift, and go to state 37
    DIVid2E  shift, and go to state 46

    EQ   error (nonassociative)
    NEQ  error (nonassociative)
    LT   error (nonassociative)
    LE   error (nonassociative)
    GT   error (nonassociative)
    GE   error (nonassociative)

    $default  reduce using rule 19 (expr)


State 77

    8 expr: expr . PLUS expr
    9     | expr . MINUS expr
   10     | expr . TIMES expr
   11     | expr . DIVid2E expr
   12     | expr . OR expr
   13     | expr . AND expr
   13     | expr AND expr .
   14     | expr . EQ expr
   15     | expr . NEQ expr
   16     | expr . LT expr
   17     | expr . LE expr
   18     | expr . GT expr
   19     | expr . GE expr

    PLUS     shift, and go to state 35
    MINUS    shift, and go to state 36
    TIMES    shift, and go to state 37
    EQ       shift, and go to state 38
    NEQ      shift, and go to state 39
    LT       shift, and go to state 40
    LE       shift, and go to state 41
    GT       shift, and go to state 42
    GE       shift, and go to state 43
    DIVid2E  shift, and go to state 46

    $default  reduce using rule 13 (expr)


State 78

    8 expr: expr . PLUS expr
    9     | expr . MINUS expr
   10     | expr . TIMES expr
   11     | expr . DIVid2E expr
   12     | expr . OR expr
   12     | expr OR expr .
   13     | expr . AND expr
   14     | expr . EQ expr
   15     | expr . NEQ expr
   16     | expr . LT expr
   17     | expr . LE expr
   18     | expr . GT expr
   19     | expr . GE expr

    PLUS     shift, and go to state 35
    MINUS    shift, and go to state 36
    TIMES    shift, and go to state 37
    EQ       shift, and go to state 38
    NEQ      shift, and go to state 39
    LT       shift, and go to state 40
    LE       shift, and go to state 41
    GT       shift, and go to state 42
    GE       shift, and go to state 43
    AND      shift, and go to state 44
    DIVid2E  shift, and go to state 46

    $default  reduce using rule 12 (expr)


State 79

    8 expr: expr . PLUS expr
    9     | expr . MINUS expr
   10     | expr . TIMES expr
   11     | expr . DIVid2E expr
   11     | expr DIVid2E expr .
   12     | expr . OR expr
   13     | expr . AND expr
   14     | expr . EQ expr
   15     | expr . NEQ expr
   16     | expr . LT expr
   17     | expr . LE expr
   18     | expr . GT expr
   19     | expr . GE expr

    $default  reduce using rule 11 (expr)


State 80

    8 expr: expr . PLUS expr
    9     | expr . MINUS expr
   10     | expr . TIMES expr
   11     | expr . DIVid2E expr
   12     | expr . OR expr
   13     | expr . AND expr
   14     | expr . EQ expr
   15     | expr . NEQ expr
   16     | expr . LT expr
   17     | expr . LE expr
   18     | expr . GT expr
   19     | expr . GE expr
   43 lvalue: lvalue LBRACK expr . RBRACK

    RBRACK   shift, and go to state 99
    PLUS     shift, and go to state 35
    MINUS    shift, and go to state 36
    TIMES    shift, and go to state 37
    EQ       shift, and go to state 38
    NEQ      shift, and go to state 39
    LT       shift, and go to state 40
    LE       shift, and go to state 41
    GT       shift, and go to state 42
    GE       shift, and go to state 43
    AND      shift, and go to state 44
    OR       shift, and go to state 45
    DIVid2E  shift, and go to state 46


State 81

   45 lvalue: lvalue DOT id2 .

    $default  reduce using rule 45 (lvalue)


State 82

    8 expr: expr . PLUS expr
    9     | expr . MINUS expr
   10     | expr . TIMES expr
   11     | expr . DIVid2E expr
   12     | expr . OR expr
   13     | expr . AND expr
   14     | expr . EQ expr
   15     | expr . NEQ expr
   16     | expr . LT expr
   17     | expr . LE expr
   18     | expr . GT expr
   19     | expr . GE expr
   20     | lvalue ASSIGN expr .

    PLUS     shift, and go to state 35
    MINUS    shift, and go to state 36
    TIMES    shift, and go to state 37
    EQ       shift, and go to state 38
    NEQ      shift, and go to state 39
    LT       shift, and go to state 40
    LE       shift, and go to state 41
    GT       shift, and go to state 42
    GE       shift, and go to state 43
    AND      shift, and go to state 44
    OR       shift, and go to state 45
    DIVid2E  shift, and go to state 46

    $default  reduce using rule 20 (expr)


State 83

    8 expr: expr . PLUS expr
    9     | expr . MINUS expr
   10     | expr . TIMES expr
   11     | expr . DIVid2E expr
   12     | expr . OR expr
   13     | expr . AND expr
   14     | expr . EQ expr
   15     | expr . NEQ expr
   16     | expr . LT expr
   17     | expr . LE expr
   18     | expr . GT expr
   19     | expr . GE expr
   36 exprSeq: exprSeq SEMICOLON expr .

    PLUS     shift, and go to state 35
    MINUS    shift, and go to state 36
    TIMES    shift, and go to state 37
    EQ       shift, and go to state 38
    NEQ      shift, and go to state 39
    LT       shift, and go to state 40
    LE       shift, and go to state 41
    GT       shift, and go to state 42
    GE       shift, and go to state 43
    AND      shift, and go to state 44
    OR       shift, and go to state 45
    DIVid2E  shift, and go to state 46

    $default  reduce using rule 36 (exprSeq)


State 84

    8 expr: expr . PLUS expr
    9     | expr . MINUS expr
   10     | expr . TIMES expr
   11     | expr . DIVid2E expr
   12     | expr . OR expr
   13     | expr . AND expr
   14     | expr . EQ expr
   15     | expr . NEQ expr
   16     | expr . LT expr
   17     | expr . LE expr
   18     | expr . GT expr
   19     | expr . GE expr
   28     | IF expr THEN expr .
   29     | IF expr THEN expr . ELSE expr

    PLUS     shift, and go to state 35
    MINUS    shift, and go to state 36
    TIMES    shift, and go to state 37
    EQ       shift, and go to state 38
    NEQ      shift, and go to state 39
    LT       shift, and go to state 40
    LE       shift, and go to state 41
    GT       shift, and go to state 42
    GE       shift, and go to state 43
    AND      shift, and go to state 44
    OR       shift, and go to state 45
    ELSE     shift, and go to state 100
    DIVid2E  shift, and go to state 46

    $default  reduce using rule 28 (expr)


State 85

    8 expr: expr . PLUS expr
    9     | expr . MINUS expr
   10     | expr . TIMES expr
   11     | expr . DIVid2E expr
   12     | expr . OR expr
   13     | expr . AND expr
   14     | expr . EQ expr
   15     | expr . NEQ expr
   16     | expr . LT expr
   17     | expr . LE expr
   18     | expr . GT expr
   19     | expr . GE expr
   30     | WHILE expr DO expr .

    PLUS     shift, and go to state 35
    MINUS    shift, and go to state 36
    TIMES    shift, and go to state 37
    EQ       shift, and go to state 38
    NEQ      shift, and go to state 39
    LT       shift, and go to state 40
    LE       shift, and go to state 41
    GT       shift, and go to state 42
    GE       shift, and go to state 43
    AND      shift, and go to state 44
    OR       shift, and go to state 45
    DIVid2E  shift, and go to state 46

    $default  reduce using rule 30 (expr)


State 86

    8 expr: expr . PLUS expr
    9     | expr . MINUS expr
   10     | expr . TIMES expr
   11     | expr . DIVid2E expr
   12     | expr . OR expr
   13     | expr . AND expr
   14     | expr . EQ expr
   15     | expr . NEQ expr
   16     | expr . LT expr
   17     | expr . LE expr
   18     | expr . GT expr
   19     | expr . GE expr
   31     | FOR id2 ASSIGN expr . TO expr DO expr

    PLUS     shift, and go to state 35
    MINUS    shift, and go to state 36
    TIMES    shift, and go to state 37
    EQ       shift, and go to state 38
    NEQ      shift, and go to state 39
    LT       shift, and go to state 40
    LE       shift, and go to state 41
    GT       shift, and go to state 42
    GE       shift, and go to state 43
    AND      shift, and go to state 44
    OR       shift, and go to state 45
    TO       shift, and go to state 101
    DIVid2E  shift, and go to state 46


State 87

   60 funcDecl: FUNCTION id2 LPAREN . typeFields RPAREN EQ expr
   61         | FUNCTION id2 LPAREN . RPAREN EQ expr
   62         | FUNCTION id2 LPAREN . typeFields RPAREN COLON id2 EQ expr
   63         | FUNCTION id2 LPAREN . RPAREN COLON id2 EQ expr

    ID      shift, and go to state 1
    RPAREN  shift, and go to state 102

    id2         go to state 103
    typeFields  go to state 104


State 88

   59 varDecl: VAR id2 COLON . id2 ASSIGN expr

    ID  shift, and go to state 1

    id2  go to state 105


State 89

   58 varDecl: VAR id2 ASSIGN . expr

    ID      shift, and go to state 1
    STRING  shift, and go to state 2
    INT     shift, and go to state 3
    LPAREN  shift, and go to state 4
    MINUS   shift, and go to state 5
    IF      shift, and go to state 6
    WHILE   shift, and go to state 7
    FOR     shift, and go to state 8
    LET     shift, and go to state 9
    BREAK   shift, and go to state 10
    NIL     shift, and go to state 11

    id2     go to state 13
    expr    go to state 106
    lvalue  go to state 15


State 90

   51 typeDecl: TYPE id2 EQ . type

    ID      shift, and go to state 1
    LBRACE  shift, and go to state 107
    ARRAY   shift, and go to state 108

    id2   go to state 109
    type  go to state 110


State 91

   34 expr: LET declList IN END .

    $default  reduce using rule 34 (expr)


State 92

   33 expr: LET declList IN exprSeq . END
   36 exprSeq: exprSeq . SEMICOLON expr

    SEMICOLON  shift, and go to state 50
    END        shift, and go to state 111


State 93

   38 exprList: exprList COMMA . expr

    ID      shift, and go to state 1
    STRING  shift, and go to state 2
    INT     shift, and go to state 3
    LPAREN  shift, and go to state 4
    MINUS   shift, and go to state 5
    IF      shift, and go to state 6
    WHILE   shift, and go to state 7
    FOR     shift, and go to state 8
    LET     shift, and go to state 9
    BREAK   shift, and go to state 10
    NIL     shift, and go to state 11

    id2     go to state 13
    expr    go to state 112
    lvalue  go to state 15


State 94

   21 expr: id2 LPAREN exprList RPAREN .

    $default  reduce using rule 21 (expr)


State 95

   27 expr: id2 LBRACK expr RBRACK . OF expr
   44 lvalue: id2 LBRACK expr RBRACK .

    OF  shift, and go to state 113

    $default  reduce using rule 44 (lvalue)


State 96

   39 field: id2 EQ . expr

    ID      shift, and go to state 1
    STRING  shift, and go to state 2
    INT     shift, and go to state 3
    LPAREN  shift, and go to state 4
    MINUS   shift, and go to state 5
    IF      shift, and go to state 6
    WHILE   shift, and go to state 7
    FOR     shift, and go to state 8
    LET     shift, and go to state 9
    BREAK   shift, and go to state 10
    NIL     shift, and go to state 11

    id2     go to state 13
    expr    go to state 114
    lvalue  go to state 15


State 97

   41 fieldList: fieldList COMMA . field

    ID  shift, and go to state 1

    id2    go to state 65
    field  go to state 115


State 98

   25 expr: id2 LBRACE fieldList RBRACE .

    $default  reduce using rule 25 (expr)


State 99

   43 lvalue: lvalue LBRACK expr RBRACK .

    $default  reduce using rule 43 (lvalue)


State 100

   29 expr: IF expr THEN expr ELSE . expr

    ID      shift, and go to state 1
    STRING  shift, and go to state 2
    INT     shift, and go to state 3
    LPAREN  shift, and go to state 4
    MINUS   shift, and go to state 5
    IF      shift, and go to state 6
    WHILE   shift, and go to state 7
    FOR     shift, and go to state 8
    LET     shift, and go to state 9
    BREAK   shift, and go to state 10
    NIL     shift, and go to state 11

    id2     go to state 13
    expr    go to state 116
    lvalue  go to state 15


State 101

   31 expr: FOR id2 ASSIGN expr TO . expr DO expr

    ID      shift, and go to state 1
    STRING  shift, and go to state 2
    INT     shift, and go to state 3
    LPAREN  shift, and go to state 4
    MINUS   shift, and go to state 5
    IF      shift, and go to state 6
    WHILE   shift, and go to state 7
    FOR     shift, and go to state 8
    LET     shift, and go to state 9
    BREAK   shift, and go to state 10
    NIL     shift, and go to state 11

    id2     go to state 13
    expr    go to state 117
    lvalue  go to state 15


State 102

   61 funcDecl: FUNCTION id2 LPAREN RPAREN . EQ expr
   63         | FUNCTION id2 LPAREN RPAREN . COLON id2 EQ expr

    COLON  shift, and go to state 118
    EQ     shift, and go to state 119


State 103

   56 typeFields: id2 . COLON id2

    COLON  shift, and go to state 120


State 104

   57 typeFields: typeFields . COMMA id2 COLON id2
   60 funcDecl: FUNCTION id2 LPAREN typeFields . RPAREN EQ expr
   62         | FUNCTION id2 LPAREN typeFields . RPAREN COLON id2 EQ expr

    COMMA   shift, and go to state 121
    RPAREN  shift, and go to state 122


State 105

   59 varDecl: VAR id2 COLON id2 . ASSIGN expr

    ASSIGN  shift, and go to state 123


State 106

    8 expr: expr . PLUS expr
    9     | expr . MINUS expr
   10     | expr . TIMES expr
   11     | expr . DIVid2E expr
   12     | expr . OR expr
   13     | expr . AND expr
   14     | expr . EQ expr
   15     | expr . NEQ expr
   16     | expr . LT expr
   17     | expr . LE expr
   18     | expr . GT expr
   19     | expr . GE expr
   58 varDecl: VAR id2 ASSIGN expr .

    PLUS     shift, and go to state 35
    MINUS    shift, and go to state 36
    TIMES    shift, and go to state 37
    EQ       shift, and go to state 38
    NEQ      shift, and go to state 39
    LT       shift, and go to state 40
    LE       shift, and go to state 41
    GT       shift, and go to state 42
    GE       shift, and go to state 43
    AND      shift, and go to state 44
    OR       shift, and go to state 45
    DIVid2E  shift, and go to state 46

    $default  reduce using rule 58 (varDecl)


State 107

   53 type: LBRACE . typeFields RBRACE
   54     | LBRACE . RBRACE

    ID      shift, and go to state 1
    RBRACE  shift, and go to state 124

    id2         go to state 103
    typeFields  go to state 125


State 108

   55 type: ARRAY . OF id2

    OF  shift, and go to state 126


State 109

   52 type: id2 .

    $default  reduce using rule 52 (type)


State 110

   51 typeDecl: TYPE id2 EQ type .

    $default  reduce using rule 51 (typeDecl)


State 111

   33 expr: LET declList IN exprSeq END .

    $default  reduce using rule 33 (expr)


State 112

    8 expr: expr . PLUS expr
    9     | expr . MINUS expr
   10     | expr . TIMES expr
   11     | expr . DIVid2E expr
   12     | expr . OR expr
   13     | expr . AND expr
   14     | expr . EQ expr
   15     | expr . NEQ expr
   16     | expr . LT expr
   17     | expr . LE expr
   18     | expr . GT expr
   19     | expr . GE expr
   38 exprList: exprList COMMA expr .

    PLUS     shift, and go to state 35
    MINUS    shift, and go to state 36
    TIMES    shift, and go to state 37
    EQ       shift, and go to state 38
    NEQ      shift, and go to state 39
    LT       shift, and go to state 40
    LE       shift, and go to state 41
    GT       shift, and go to state 42
    GE       shift, and go to state 43
    AND      shift, and go to state 44
    OR       shift, and go to state 45
    DIVid2E  shift, and go to state 46

    $default  reduce using rule 38 (exprList)


State 113

   27 expr: id2 LBRACK expr RBRACK OF . expr

    ID      shift, and go to state 1
    STRING  shift, and go to state 2
    INT     shift, and go to state 3
    LPAREN  shift, and go to state 4
    MINUS   shift, and go to state 5
    IF      shift, and go to state 6
    WHILE   shift, and go to state 7
    FOR     shift, and go to state 8
    LET     shift, and go to state 9
    BREAK   shift, and go to state 10
    NIL     shift, and go to state 11

    id2     go to state 13
    expr    go to state 127
    lvalue  go to state 15


State 114

    8 expr: expr . PLUS expr
    9     | expr . MINUS expr
   10     | expr . TIMES expr
   11     | expr . DIVid2E expr
   12     | expr . OR expr
   13     | expr . AND expr
   14     | expr . EQ expr
   15     | expr . NEQ expr
   16     | expr . LT expr
   17     | expr . LE expr
   18     | expr . GT expr
   19     | expr . GE expr
   39 field: id2 EQ expr .

    PLUS     shift, and go to state 35
    MINUS    shift, and go to state 36
    TIMES    shift, and go to state 37
    EQ       shift, and go to state 38
    NEQ      shift, and go to state 39
    LT       shift, and go to state 40
    LE       shift, and go to state 41
    GT       shift, and go to state 42
    GE       shift, and go to state 43
    AND      shift, and go to state 44
    OR       shift, and go to state 45
    DIVid2E  shift, and go to state 46

    $default  reduce using rule 39 (field)


State 115

   41 fieldList: fieldList COMMA field .

    $default  reduce using rule 41 (fieldList)


State 116

    8 expr: expr . PLUS expr
    9     | expr . MINUS expr
   10     | expr . TIMES expr
   11     | expr . DIVid2E expr
   12     | expr . OR expr
   13     | expr . AND expr
   14     | expr . EQ expr
   15     | expr . NEQ expr
   16     | expr . LT expr
   17     | expr . LE expr
   18     | expr . GT expr
   19     | expr . GE expr
   29     | IF expr THEN expr ELSE expr .

    PLUS     shift, and go to state 35
    MINUS    shift, and go to state 36
    TIMES    shift, and go to state 37
    EQ       shift, and go to state 38
    NEQ      shift, and go to state 39
    LT       shift, and go to state 40
    LE       shift, and go to state 41
    GT       shift, and go to state 42
    GE       shift, and go to state 43
    AND      shift, and go to state 44
    OR       shift, and go to state 45
    DIVid2E  shift, and go to state 46

    $default  reduce using rule 29 (expr)


State 117

    8 expr: expr . PLUS expr
    9     | expr . MINUS expr
   10     | expr . TIMES expr
   11     | expr . DIVid2E expr
   12     | expr . OR expr
   13     | expr . AND expr
   14     | expr . EQ expr
   15     | expr . NEQ expr
   16     | expr . LT expr
   17     | expr . LE expr
   18     | expr . GT expr
   19     | expr . GE expr
   31     | FOR id2 ASSIGN expr TO expr . DO expr

    PLUS     shift, and go to state 35
    MINUS    shift, and go to state 36
    TIMES    shift, and go to state 37
    EQ       shift, and go to state 38
    NEQ      shift, and go to state 39
    LT       shift, and go to state 40
    LE       shift, and go to state 41
    GT       shift, and go to state 42
    GE       shift, and go to state 43
    AND      shift, and go to state 44
    OR       shift, and go to state 45
    DO       shift, and go to state 128
    DIVid2E  shift, and go to state 46


State 118

   63 funcDecl: FUNCTION id2 LPAREN RPAREN COLON . id2 EQ expr

    ID  shift, and go to state 1

    id2  go to state 129


State 119

   61 funcDecl: FUNCTION id2 LPAREN RPAREN EQ . expr

    ID      shift, and go to state 1
    STRING  shift, and go to state 2
    INT     shift, and go to state 3
    LPAREN  shift, and go to state 4
    MINUS   shift, and go to state 5
    IF      shift, and go to state 6
    WHILE   shift, and go to state 7
    FOR     shift, and go to state 8
    LET     shift, and go to state 9
    BREAK   shift, and go to state 10
    NIL     shift, and go to state 11

    id2     go to state 13
    expr    go to state 130
    lvalue  go to state 15


State 120

   56 typeFields: id2 COLON . id2

    ID  shift, and go to state 1

    id2  go to state 131


State 121

   57 typeFields: typeFields COMMA . id2 COLON id2

    ID  shift, and go to state 1

    id2  go to state 132


State 122

   60 funcDecl: FUNCTION id2 LPAREN typeFields RPAREN . EQ expr
   62         | FUNCTION id2 LPAREN typeFields RPAREN . COLON id2 EQ expr

    COLON  shift, and go to state 133
    EQ     shift, and go to state 134


State 123

   59 varDecl: VAR id2 COLON id2 ASSIGN . expr

    ID      shift, and go to state 1
    STRING  shift, and go to state 2
    INT     shift, and go to state 3
    LPAREN  shift, and go to state 4
    MINUS   shift, and go to state 5
    IF      shift, and go to state 6
    WHILE   shift, and go to state 7
    FOR     shift, and go to state 8
    LET     shift, and go to state 9
    BREAK   shift, and go to state 10
    NIL     shift, and go to state 11

    id2     go to state 13
    expr    go to state 135
    lvalue  go to state 15


State 124

   54 type: LBRACE RBRACE .

    $default  reduce using rule 54 (type)


State 125

   53 type: LBRACE typeFields . RBRACE
   57 typeFields: typeFields . COMMA id2 COLON id2

    COMMA   shift, and go to state 121
    RBRACE  shift, and go to state 136


State 126

   55 type: ARRAY OF . id2

    ID  shift, and go to state 1

    id2  go to state 137


State 127

    8 expr: expr . PLUS expr
    9     | expr . MINUS expr
   10     | expr . TIMES expr
   11     | expr . DIVid2E expr
   12     | expr . OR expr
   13     | expr . AND expr
   14     | expr . EQ expr
   15     | expr . NEQ expr
   16     | expr . LT expr
   17     | expr . LE expr
   18     | expr . GT expr
   19     | expr . GE expr
   27     | id2 LBRACK expr RBRACK OF expr .

    PLUS     shift, and go to state 35
    MINUS    shift, and go to state 36
    TIMES    shift, and go to state 37
    EQ       shift, and go to state 38
    NEQ      shift, and go to state 39
    LT       shift, and go to state 40
    LE       shift, and go to state 41
    GT       shift, and go to state 42
    GE       shift, and go to state 43
    AND      shift, and go to state 44
    OR       shift, and go to state 45
    DIVid2E  shift, and go to state 46

    $default  reduce using rule 27 (expr)


State 128

   31 expr: FOR id2 ASSIGN expr TO expr DO . expr

    ID      shift, and go to state 1
    STRING  shift, and go to state 2
    INT     shift, and go to state 3
    LPAREN  shift, and go to state 4
    MINUS   shift, and go to state 5
    IF      shift, and go to state 6
    WHILE   shift, and go to state 7
    FOR     shift, and go to state 8
    LET     shift, and go to state 9
    BREAK   shift, and go to state 10
    NIL     shift, and go to state 11

    id2     go to state 13
    expr    go to state 138
    lvalue  go to state 15


State 129

   63 funcDecl: FUNCTION id2 LPAREN RPAREN COLON id2 . EQ expr

    EQ  shift, and go to state 139


State 130

    8 expr: expr . PLUS expr
    9     | expr . MINUS expr
   10     | expr . TIMES expr
   11     | expr . DIVid2E expr
   12     | expr . OR expr
   13     | expr . AND expr
   14     | expr . EQ expr
   15     | expr . NEQ expr
   16     | expr . LT expr
   17     | expr . LE expr
   18     | expr . GT expr
   19     | expr . GE expr
   61 funcDecl: FUNCTION id2 LPAREN RPAREN EQ expr .

    PLUS     shift, and go to state 35
    MINUS    shift, and go to state 36
    TIMES    shift, and go to state 37
    EQ       shift, and go to state 38
    NEQ      shift, and go to state 39
    LT       shift, and go to state 40
    LE       shift, and go to state 41
    GT       shift, and go to state 42
    GE       shift, and go to state 43
    AND      shift, and go to state 44
    OR       shift, and go to state 45
    DIVid2E  shift, and go to state 46

    $default  reduce using rule 61 (funcDecl)


State 131

   56 typeFields: id2 COLON id2 .

    $default  reduce using rule 56 (typeFields)


State 132

   57 typeFields: typeFields COMMA id2 . COLON id2

    COLON  shift, and go to state 140


State 133

   62 funcDecl: FUNCTION id2 LPAREN typeFields RPAREN COLON . id2 EQ expr

    ID  shift, and go to state 1

    id2  go to state 141


State 134

   60 funcDecl: FUNCTION id2 LPAREN typeFields RPAREN EQ . expr

    ID      shift, and go to state 1
    STRING  shift, and go to state 2
    INT     shift, and go to state 3
    LPAREN  shift, and go to state 4
    MINUS   shift, and go to state 5
    IF      shift, and go to state 6
    WHILE   shift, and go to state 7
    FOR     shift, and go to state 8
    LET     shift, and go to state 9
    BREAK   shift, and go to state 10
    NIL     shift, and go to state 11

    id2     go to state 13
    expr    go to state 142
    lvalue  go to state 15


State 135

    8 expr: expr . PLUS expr
    9     | expr . MINUS expr
   10     | expr . TIMES expr
   11     | expr . DIVid2E expr
   12     | expr . OR expr
   13     | expr . AND expr
   14     | expr . EQ expr
   15     | expr . NEQ expr
   16     | expr . LT expr
   17     | expr . LE expr
   18     | expr . GT expr
   19     | expr . GE expr
   59 varDecl: VAR id2 COLON id2 ASSIGN expr .

    PLUS     shift, and go to state 35
    MINUS    shift, and go to state 36
    TIMES    shift, and go to state 37
    EQ       shift, and go to state 38
    NEQ      shift, and go to state 39
    LT       shift, and go to state 40
    LE       shift, and go to state 41
    GT       shift, and go to state 42
    GE       shift, and go to state 43
    AND      shift, and go to state 44
    OR       shift, and go to state 45
    DIVid2E  shift, and go to state 46

    $default  reduce using rule 59 (varDecl)


State 136

   53 type: LBRACE typeFields RBRACE .

    $default  reduce using rule 53 (type)


State 137

   55 type: ARRAY OF id2 .

    $default  reduce using rule 55 (type)


State 138

    8 expr: expr . PLUS expr
    9     | expr . MINUS expr
   10     | expr . TIMES expr
   11     | expr . DIVid2E expr
   12     | expr . OR expr
   13     | expr . AND expr
   14     | expr . EQ expr
   15     | expr . NEQ expr
   16     | expr . LT expr
   17     | expr . LE expr
   18     | expr . GT expr
   19     | expr . GE expr
   31     | FOR id2 ASSIGN expr TO expr DO expr .

    PLUS     shift, and go to state 35
    MINUS    shift, and go to state 36
    TIMES    shift, and go to state 37
    EQ       shift, and go to state 38
    NEQ      shift, and go to state 39
    LT       shift, and go to state 40
    LE       shift, and go to state 41
    GT       shift, and go to state 42
    GE       shift, and go to state 43
    AND      shift, and go to state 44
    OR       shift, and go to state 45
    DIVid2E  shift, and go to state 46

    $default  reduce using rule 31 (expr)


State 139

   63 funcDecl: FUNCTION id2 LPAREN RPAREN COLON id2 EQ . expr

    ID      shift, and go to state 1
    STRING  shift, and go to state 2
    INT     shift, and go to state 3
    LPAREN  shift, and go to state 4
    MINUS   shift, and go to state 5
    IF      shift, and go to state 6
    WHILE   shift, and go to state 7
    FOR     shift, and go to state 8
    LET     shift, and go to state 9
    BREAK   shift, and go to state 10
    NIL     shift, and go to state 11

    id2     go to state 13
    expr    go to state 143
    lvalue  go to state 15


State 140

   57 typeFields: typeFields COMMA id2 COLON . id2

    ID  shift, and go to state 1

    id2  go to state 144


State 141

   62 funcDecl: FUNCTION id2 LPAREN typeFields RPAREN COLON id2 . EQ expr

    EQ  shift, and go to state 145


State 142

    8 expr: expr . PLUS expr
    9     | expr . MINUS expr
   10     | expr . TIMES expr
   11     | expr . DIVid2E expr
   12     | expr . OR expr
   13     | expr . AND expr
   14     | expr . EQ expr
   15     | expr . NEQ expr
   16     | expr . LT expr
   17     | expr . LE expr
   18     | expr . GT expr
   19     | expr . GE expr
   60 funcDecl: FUNCTION id2 LPAREN typeFields RPAREN EQ expr .

    PLUS     shift, and go to state 35
    MINUS    shift, and go to state 36
    TIMES    shift, and go to state 37
    EQ       shift, and go to state 38
    NEQ      shift, and go to state 39
    LT       shift, and go to state 40
    LE       shift, and go to state 41
    GT       shift, and go to state 42
    GE       shift, and go to state 43
    AND      shift, and go to state 44
    OR       shift, and go to state 45
    DIVid2E  shift, and go to state 46

    $default  reduce using rule 60 (funcDecl)


State 143

    8 expr: expr . PLUS expr
    9     | expr . MINUS expr
   10     | expr . TIMES expr
   11     | expr . DIVid2E expr
   12     | expr . OR expr
   13     | expr . AND expr
   14     | expr . EQ expr
   15     | expr . NEQ expr
   16     | expr . LT expr
   17     | expr . LE expr
   18     | expr . GT expr
   19     | expr . GE expr
   63 funcDecl: FUNCTION id2 LPAREN RPAREN COLON id2 EQ expr .

    PLUS     shift, and go to state 35
    MINUS    shift, and go to state 36
    TIMES    shift, and go to state 37
    EQ       shift, and go to state 38
    NEQ      shift, and go to state 39
    LT       shift, and go to state 40
    LE       shift, and go to state 41
    GT       shift, and go to state 42
    GE       shift, and go to state 43
    AND      shift, and go to state 44
    OR       shift, and go to state 45
    DIVid2E  shift, and go to state 46

    $default  reduce using rule 63 (funcDecl)


State 144

   57 typeFields: typeFields COMMA id2 COLON id2 .

    $default  reduce using rule 57 (typeFields)


State 145

   62 funcDecl: FUNCTION id2 LPAREN typeFields RPAREN COLON id2 EQ . expr

    ID      shift, and go to state 1
    STRING  shift, and go to state 2
    INT     shift, and go to state 3
    LPAREN  shift, and go to state 4
    MINUS   shift, and go to state 5
    IF      shift, and go to state 6
    WHILE   shift, and go to state 7
    FOR     shift, and go to state 8
    LET     shift, and go to state 9
    BREAK   shift, and go to state 10
    NIL     shift, and go to state 11

    id2     go to state 13
    expr    go to state 146
    lvalue  go to state 15


State 146

    8 expr: expr . PLUS expr
    9     | expr . MINUS expr
   10     | expr . TIMES expr
   11     | expr . DIVid2E expr
   12     | expr . OR expr
   13     | expr . AND expr
   14     | expr . EQ expr
   15     | expr . NEQ expr
   16     | expr . LT expr
   17     | expr . LE expr
   18     | expr . GT expr
   19     | expr . GE expr
   62 funcDecl: FUNCTION id2 LPAREN typeFields RPAREN COLON id2 EQ expr .

    PLUS     shift, and go to state 35
    MINUS    shift, and go to state 36
    TIMES    shift, and go to state 37
    EQ       shift, and go to state 38
    NEQ      shift, and go to state 39
    LT       shift, and go to state 40
    LE       shift, and go to state 41
    GT       shift, and go to state 42
    GE       shift, and go to state 43
    AND      shift, and go to state 44
    OR       shift, and go to state 45
    DIVid2E  shift, and go to state 46

    $default  reduce using rule 62 (funcDecl)
